<?xml version="1.0" encoding="UTF-8"?>
<robot generator="Robot 7.0 (Python 3.12.1 on win32)" generated="2024-02-04T01:11:27.954546" rpa="false" schemaversion="5">
<suite id="s1" name="Suites">
<suite id="s1-s1" name="8 CloseAll" source="C:\information\SDET-QA\Automation\TestCases\8_CloseAll.robot">
<test id="s1-s1-t1" name="Testing | Close All" line="11">
<kw name="Open Browser" owner="SeleniumLibrary">
<msg time="2024-02-04T01:11:28.112250" level="INFO">Opening browser 'chrome' to base url 'https://demowebshop.tricentis.com/register'.</msg>
<arg>${url}</arg>
<arg>${browser}</arg>
<arg>options=add_experimental_option("detach", True)</arg>
<doc>Opens a new browser instance to the optional ``url``.</doc>
<status status="PASS" start="2024-02-04T01:11:28.111252" elapsed="3.544460"/>
</kw>
<kw name="Maximize Browser Window" owner="SeleniumLibrary">
<doc>Maximizes current browser window.</doc>
<status status="PASS" start="2024-02-04T01:11:31.655712" elapsed="0.111645"/>
</kw>
<kw name="Open Browser" owner="SeleniumLibrary">
<msg time="2024-02-04T01:11:31.767357" level="INFO">Opening browser 'chrome' to base url 'https://demo.nopcommerce.com/'.</msg>
<arg>${url2}</arg>
<arg>${browser}</arg>
<arg>options=add_experimental_option("detach", True)</arg>
<doc>Opens a new browser instance to the optional ``url``.</doc>
<status status="PASS" start="2024-02-04T01:11:31.767357" elapsed="2.626996"/>
</kw>
<kw name="Maximize Browser Window" owner="SeleniumLibrary">
<doc>Maximizes current browser window.</doc>
<status status="PASS" start="2024-02-04T01:11:34.395350" elapsed="0.124601"/>
</kw>
<kw name="Close All Browsers" owner="SeleniumLibrary">
<doc>Closes all open browsers and resets the browser cache.</doc>
<status status="PASS" start="2024-02-04T01:11:34.519951" elapsed="12.416670"/>
</kw>
<status status="PASS" start="2024-02-04T01:11:28.111252" elapsed="18.825369"/>
</test>
<status status="PASS" start="2024-02-04T01:11:27.975358" elapsed="18.961263"/>
</suite>
<status status="PASS" start="2024-02-04T01:11:27.963390" elapsed="18.976199"/>
</suite>
<statistics>
<total>
<stat pass="1" fail="0" skip="0">All Tests</stat>
</total>
<tag>
</tag>
<suite>
<stat pass="1" fail="0" skip="0" id="s1" name="Suites">Suites</stat>
<stat pass="1" fail="0" skip="0" id="s1-s1" name="8 CloseAll">Suites.8 CloseAll</stat>
</suite>
</statistics>
<errors>
</errors>
</robot>
