<?xml version="1.0" encoding="UTF-8"?>
<robot generator="Robot 7.0 (Python 3.12.1 on win32)" generated="2024-02-04T01:08:58.263560" rpa="false" schemaversion="5">
<suite id="s1" name="Suites">
<suite id="s1-s1" name="10 Frames" source="C:\information\SDET-QA\Automation\TestCases\10_Frames.robot">
<test id="s1-s1-t1" name="Testing | Frames" line="11">
<kw name="Open Browser" owner="SeleniumLibrary">
<msg time="2024-02-04T01:08:58.435116" level="INFO">Opening browser 'chrome' to base url 'https://seleniumhq.github.io/selenium/docs/api/java/index'.</msg>
<arg>${url}</arg>
<arg>${browser}</arg>
<arg>options=add_experimental_option("detach", True)</arg>
<doc>Opens a new browser instance to the optional ``url``.</doc>
<status status="PASS" start="2024-02-04T01:08:58.434124" elapsed="3.948773"/>
</kw>
<kw name="Maximize Browser Window" owner="SeleniumLibrary">
<doc>Maximizes current browser window.</doc>
<status status="PASS" start="2024-02-04T01:09:02.383841" elapsed="0.111863"/>
</kw>
<kw name="Select Frame" owner="SeleniumLibrary">
<msg time="2024-02-04T01:09:02.496701" level="INFO">Selecting frame 'packageListFrame'.</msg>
<msg time="2024-02-04T01:09:02.631866" level="INFO" html="true">&lt;/td&gt;&lt;/tr&gt;&lt;tr&gt;&lt;td colspan="3"&gt;&lt;a href="selenium-screenshot-1.png"&gt;&lt;img src="selenium-screenshot-1.png" width="800px"&gt;&lt;/a&gt;</msg>
<msg time="2024-02-04T01:09:02.631866" level="FAIL">Element with locator 'packageListFrame' not found.</msg>
<arg>packageListFrame</arg>
<doc>Sets frame identified by ``locator`` as the current frame.</doc>
<status status="FAIL" start="2024-02-04T01:09:02.496701" elapsed="0.181472">Element with locator 'packageListFrame' not found.</status>
</kw>
<kw name="Click Link" owner="SeleniumLibrary">
<arg>org.openqa.selenium</arg>
<doc>Clicks a link identified by ``locator``.</doc>
<status status="NOT RUN" start="2024-02-04T01:09:02.679171" elapsed="0.000000"/>
</kw>
<kw name="Unselect Frame" owner="SeleniumLibrary">
<doc>Sets the main frame as the current frame.</doc>
<status status="NOT RUN" start="2024-02-04T01:09:02.679171" elapsed="0.000000"/>
</kw>
<kw name="Sleep" owner="BuiltIn">
<arg>3</arg>
<doc>Pauses the test executed for the given time.</doc>
<status status="NOT RUN" start="2024-02-04T01:09:02.679171" elapsed="0.000000"/>
</kw>
<kw name="Select Frame" owner="SeleniumLibrary">
<arg>packageFrame</arg>
<doc>Sets frame identified by ``locator`` as the current frame.</doc>
<status status="NOT RUN" start="2024-02-04T01:09:02.679171" elapsed="0.000000"/>
</kw>
<kw name="Click Link" owner="SeleniumLibrary">
<arg>WebDriver</arg>
<doc>Clicks a link identified by ``locator``.</doc>
<status status="NOT RUN" start="2024-02-04T01:09:02.679171" elapsed="0.000997"/>
</kw>
<kw name="Unselect Frame" owner="SeleniumLibrary">
<doc>Sets the main frame as the current frame.</doc>
<status status="NOT RUN" start="2024-02-04T01:09:02.680168" elapsed="0.000000"/>
</kw>
<kw name="Sleep" owner="BuiltIn">
<arg>3</arg>
<doc>Pauses the test executed for the given time.</doc>
<status status="NOT RUN" start="2024-02-04T01:09:02.680168" elapsed="0.000000"/>
</kw>
<kw name="Select Frame" owner="SeleniumLibrary">
<arg>classFrame</arg>
<doc>Sets frame identified by ``locator`` as the current frame.</doc>
<status status="NOT RUN" start="2024-02-04T01:09:02.680168" elapsed="0.000000"/>
</kw>
<kw name="Click Link" owner="SeleniumLibrary">
<arg>Help</arg>
<doc>Clicks a link identified by ``locator``.</doc>
<status status="NOT RUN" start="2024-02-04T01:09:02.680168" elapsed="0.000000"/>
</kw>
<kw name="Unselect Frame" owner="SeleniumLibrary">
<doc>Sets the main frame as the current frame.</doc>
<status status="NOT RUN" start="2024-02-04T01:09:02.680168" elapsed="0.000000"/>
</kw>
<kw name="Sleep" owner="BuiltIn">
<arg>3</arg>
<doc>Pauses the test executed for the given time.</doc>
<status status="NOT RUN" start="2024-02-04T01:09:02.680168" elapsed="0.000998"/>
</kw>
<kw name="Close Browser" owner="SeleniumLibrary">
<doc>Closes the current browser.</doc>
<status status="NOT RUN" start="2024-02-04T01:09:02.681166" elapsed="0.000000"/>
</kw>
<status status="FAIL" start="2024-02-04T01:08:58.434124" elapsed="4.247042">Element with locator 'packageListFrame' not found.</status>
</test>
<status status="FAIL" start="2024-02-04T01:08:58.287246" elapsed="4.393920"/>
</suite>
<status status="FAIL" start="2024-02-04T01:08:58.273547" elapsed="4.408615"/>
</suite>
<statistics>
<total>
<stat pass="0" fail="1" skip="0">All Tests</stat>
</total>
<tag>
</tag>
<suite>
<stat pass="0" fail="1" skip="0" id="s1" name="Suites">Suites</stat>
<stat pass="0" fail="1" skip="0" id="s1-s1" name="10 Frames">Suites.10 Frames</stat>
</suite>
</statistics>
<errors>
</errors>
</robot>
