<?xml version="1.0" encoding="UTF-8"?>
<robot generator="Robot 7.0 (Python 3.9.13 on win32)" generated="2024-02-05T14:54:22.908119" rpa="false" schemaversion="5">
<suite id="s1" name="Automation" source="C:\information\SDET-QA\Automation\TestCases\automation.robot">
<test id="s1-t1" name="Register" line="12">
<kw name="Create Dictionary" owner="BuiltIn">
<msg time="2024-02-05T14:54:23.276015" level="INFO">&amp;{options} = { headless=False }</msg>
<var>&amp;{options}</var>
<arg>headless=${false}</arg>
<doc>Creates and returns a dictionary based on the given ``items``.</doc>
<status status="PASS" start="2024-02-05T14:54:23.276015" elapsed="0.000000"/>
</kw>
<kw name="Open Browser" owner="PuppeteerLibrary">
<msg time="2024-02-05T14:54:23.276015" level="INFO">https://web-demo.qahive.com/e-commerce/register</msg>
<arg>${url}</arg>
<arg>${browser}</arg>
<arg>options=${options}</arg>
<doc>Opens a new browser instance to the specific ``url``.</doc>
<status status="PASS" start="2024-02-05T14:54:23.276015" elapsed="1.562341"/>
</kw>
<kw name="Click Element" owner="PuppeteerLibrary">
<msg time="2024-02-05T14:54:24.839354" level="INFO">Clicking element 'xpath://button[contains(text(),'Register')]'.</msg>
<arg>xpath://button[contains(text(),'Register')]</arg>
<doc>Clicks element identified by ``locator``.</doc>
<status status="PASS" start="2024-02-05T14:54:24.839354" elapsed="0.331135"/>
</kw>
<kw name="Input Text" owner="PuppeteerLibrary">
<msg time="2024-02-05T14:54:25.171487" level="INFO">Typing text 'demo16@demo.com' into text field 'xpath://input[@name='email']'.</msg>
<arg>xpath://input[@name='email']</arg>
<arg>demo16@demo.com</arg>
<doc>Types the given text into text field identified by ``locator``.</doc>
<status status="PASS" start="2024-02-05T14:54:25.171487" elapsed="0.278259"/>
</kw>
<kw name="Input Text" owner="PuppeteerLibrary">
<msg time="2024-02-05T14:54:25.450745" level="INFO">Typing text '123456' into text field 'xpath://input[@name='password']'.</msg>
<arg>xpath://input[@name='password']</arg>
<arg>123456</arg>
<doc>Types the given text into text field identified by ``locator``.</doc>
<status status="PASS" start="2024-02-05T14:54:25.450745" elapsed="0.091756"/>
</kw>
<kw name="Input Text" owner="PuppeteerLibrary">
<msg time="2024-02-05T14:54:25.543494" level="INFO">Typing text 'demo' into text field 'xpath://input[@name='name']'.</msg>
<arg>xpath://input[@name='name']</arg>
<arg>demo</arg>
<doc>Types the given text into text field identified by ``locator``.</doc>
<status status="PASS" start="2024-02-05T14:54:25.543494" elapsed="0.071809"/>
</kw>
<kw name="Click Element" owner="PuppeteerLibrary">
<msg time="2024-02-05T14:54:25.616300" level="INFO">Clicking element 'xpath://body/div[@id='root']/main[1]/div[1]/div[1]/form[1]/div[4]/div[2]/label[1]/input[1]'.</msg>
<arg>xpath://body/div[@id='root']/main[1]/div[1]/div[1]/form[1]/div[4]/div[2]/label[1]/input[1]</arg>
<doc>Clicks element identified by ``locator``.</doc>
<status status="PASS" start="2024-02-05T14:54:25.616300" elapsed="0.037926"/>
</kw>
<kw name="Click Element" owner="PuppeteerLibrary">
<msg time="2024-02-05T14:54:25.655229" level="INFO">Clicking element 'xpath://button[contains(text(),'submit')]'.</msg>
<arg>xpath://button[contains(text(),'submit')]</arg>
<doc>Clicks element identified by ``locator``.</doc>
<status status="PASS" start="2024-02-05T14:54:25.655229" elapsed="0.047907"/>
</kw>
<kw name="Click Element" owner="PuppeteerLibrary">
<msg time="2024-02-05T14:54:25.704133" level="INFO">Clicking element 'xpath://body/div[@id='root']/section[1]/main[1]/div[1]/div[1]/div[2]/div[1]/div[1]/button[1]'.</msg>
<arg>xpath://body/div[@id='root']/section[1]/main[1]/div[1]/div[1]/div[2]/div[1]/div[1]/button[1]</arg>
<doc>Clicks element identified by ``locator``.</doc>
<status status="PASS" start="2024-02-05T14:54:25.703136" elapsed="4.712205"/>
</kw>
<kw name="Click Element" owner="PuppeteerLibrary">
<msg time="2024-02-05T14:54:30.416340" level="INFO">Clicking element 'xpath=//body/div[@id='root']/section[1]/main[1]/div[1]/div[1]/div[2]/div[2]/div[1]/button[1]'.</msg>
<arg>xpath=//body/div[@id='root']/section[1]/main[1]/div[1]/div[1]/div[2]/div[2]/div[1]/button[1]</arg>
<doc>Clicks element identified by ``locator``.</doc>
<status status="PASS" start="2024-02-05T14:54:30.416340" elapsed="0.042884"/>
</kw>
<kw name="Get Text" owner="PuppeteerLibrary">
<msg time="2024-02-05T14:54:30.481164" level="INFO">${items1} = Travel Bag</msg>
<var>${items1}</var>
<arg>xpath://div[contains(text(),'Travel Bag')]</arg>
<doc>Returns text value of element identified by ``locator``.</doc>
<status status="PASS" start="2024-02-05T14:54:30.460221" elapsed="0.020943"/>
</kw>
<kw name="Get Text" owner="PuppeteerLibrary">
<msg time="2024-02-05T14:54:30.501110" level="INFO">${items2} = Apple Watch</msg>
<var>${items2}</var>
<arg>xpath://div[contains(text(),'Apple Watch')]</arg>
<doc>Returns text value of element identified by ``locator``.</doc>
<status status="PASS" start="2024-02-05T14:54:30.482166" elapsed="0.018944"/>
</kw>
<kw name="Create List" owner="BuiltIn">
<msg time="2024-02-05T14:54:30.502108" level="INFO">${items_list} = ['Travel Bag', 'Apple Watch']</msg>
<var>${items_list}</var>
<arg>${items1}</arg>
<arg>${items2}</arg>
<doc>Returns a list containing given items.</doc>
<status status="PASS" start="2024-02-05T14:54:30.502108" elapsed="0.000000"/>
</kw>
<kw name="Get Text" owner="PuppeteerLibrary">
<msg time="2024-02-05T14:54:30.521056" level="INFO">${price_items1} = 3000</msg>
<var>${price_items1}</var>
<arg>xpath://span[contains(text(),'3000')]</arg>
<doc>Returns text value of element identified by ``locator``.</doc>
<status status="PASS" start="2024-02-05T14:54:30.502108" elapsed="0.018948"/>
</kw>
<kw name="Get Text" owner="PuppeteerLibrary">
<msg time="2024-02-05T14:54:30.538011" level="INFO">${price_items2} = 12500</msg>
<var>${price_items2}</var>
<arg>xpath://span[contains(text(),'12500')]</arg>
<doc>Returns text value of element identified by ``locator``.</doc>
<status status="PASS" start="2024-02-05T14:54:30.521056" elapsed="0.016955"/>
</kw>
<kw name="Create List" owner="BuiltIn">
<msg time="2024-02-05T14:54:30.539011" level="INFO">${price_list} = ['3000', '12500']</msg>
<var>${price_list}</var>
<arg>${price_items1}</arg>
<arg>${price_items2}</arg>
<doc>Returns a list containing given items.</doc>
<status status="PASS" start="2024-02-05T14:54:30.539011" elapsed="0.000000"/>
</kw>
<kw name="Click Link" owner="PuppeteerLibrary">
<msg time="2024-02-05T14:54:30.539011" level="INFO">Clicking link 'xpath://body/div[@id='root']/section[1]/main[1]/div[1]/div[1]/div[1]/a[1]'.</msg>
<arg>xpath://body/div[@id='root']/section[1]/main[1]/div[1]/div[1]/div[1]/a[1]</arg>
<doc>Clicks link identified by ``locator``.</doc>
<status status="PASS" start="2024-02-05T14:54:30.539011" elapsed="0.074798"/>
</kw>
<kw name="Get Text" owner="PuppeteerLibrary">
<msg time="2024-02-05T14:54:30.627771" level="INFO">${cart_items1} = Travel Bag</msg>
<var>${cart_items1}</var>
<arg>xpath://h5[contains(text(),'Travel Bag')]</arg>
<doc>Returns text value of element identified by ``locator``.</doc>
<status status="PASS" start="2024-02-05T14:54:30.613809" elapsed="0.013962"/>
</kw>
<kw name="Should Contain" owner="BuiltIn">
<arg>${cart_items1}</arg>
<arg>${items_list[0]}</arg>
<doc>Fails if ``container`` does not contain ``item`` one or more times.</doc>
<status status="PASS" start="2024-02-05T14:54:30.627771" elapsed="0.000997"/>
</kw>
<kw name="Get Text" owner="PuppeteerLibrary">
<msg time="2024-02-05T14:54:30.648715" level="INFO">${cart_items2} = Apple Watch</msg>
<var>${cart_items2}</var>
<arg>xpath://h5[contains(text(),'Apple Watch')]</arg>
<doc>Returns text value of element identified by ``locator``.</doc>
<status status="PASS" start="2024-02-05T14:54:30.628768" elapsed="0.019947"/>
</kw>
<kw name="Should Contain" owner="BuiltIn">
<arg>${cart_items2}</arg>
<arg>${items_list[1]}</arg>
<doc>Fails if ``container`` does not contain ``item`` one or more times.</doc>
<status status="PASS" start="2024-02-05T14:54:30.649713" elapsed="0.000000"/>
</kw>
<kw name="Get Text" owner="PuppeteerLibrary">
<msg time="2024-02-05T14:54:30.677638" level="INFO">${price_cart_items1} = 3000</msg>
<var>${price_cart_items1}</var>
<arg>xpath://h5[contains(text(),'3000')]</arg>
<doc>Returns text value of element identified by ``locator``.</doc>
<status status="PASS" start="2024-02-05T14:54:30.649713" elapsed="0.027925"/>
</kw>
<kw name="Should Contain" owner="BuiltIn">
<arg>${price_cart_items1}</arg>
<arg>${price_list[0]}</arg>
<doc>Fails if ``container`` does not contain ``item`` one or more times.</doc>
<status status="PASS" start="2024-02-05T14:54:30.678636" elapsed="0.000000"/>
</kw>
<kw name="Get Text" owner="PuppeteerLibrary">
<msg time="2024-02-05T14:54:30.702572" level="INFO">${price_cart_items2} = 12500</msg>
<var>${price_cart_items2}</var>
<arg>xpath://h5[contains(text(),'12500')]</arg>
<doc>Returns text value of element identified by ``locator``.</doc>
<status status="PASS" start="2024-02-05T14:54:30.679633" elapsed="0.022939"/>
</kw>
<kw name="Should Contain" owner="BuiltIn">
<arg>${price_cart_items2}</arg>
<arg>${price_list[1]}</arg>
<doc>Fails if ``container`` does not contain ``item`` one or more times.</doc>
<status status="PASS" start="2024-02-05T14:54:30.703577" elapsed="0.000994"/>
</kw>
<kw name="Get Text" owner="PuppeteerLibrary">
<msg time="2024-02-05T14:54:30.736487" level="INFO">${total_price} = 15500</msg>
<var>${total_price}</var>
<arg>xpath://p[contains(text(),'15500')]</arg>
<doc>Returns text value of element identified by ``locator``.</doc>
<status status="PASS" start="2024-02-05T14:54:30.704571" elapsed="0.031916"/>
</kw>
<kw name="Should Be Equal As Numbers" owner="BuiltIn">
<arg>${total_price}</arg>
<arg>15500</arg>
<doc>Fails if objects are unequal after converting them to real numbers.</doc>
<status status="PASS" start="2024-02-05T14:54:30.737481" elapsed="0.000997"/>
</kw>
<kw name="Get Text" owner="PuppeteerLibrary">
<msg time="2024-02-05T14:54:30.761415" level="INFO">${total_items_travelBAG} = 1</msg>
<var>${total_items_travelBAG}</var>
<arg>xpath://body/div[@id='root']/section[1]/main[1]/div[1]/div[1]/section[1]/div[1]/div[1]/div[1]/div[1]/div[1]/div[1]/div[1]/div[2]/div[1]/div[1]/div[2]/div[1]/h5[1]</arg>
<doc>Returns text value of element identified by ``locator``.</doc>
<status status="PASS" start="2024-02-05T14:54:30.738478" elapsed="0.022937"/>
</kw>
<kw name="Should Be Equal As Numbers" owner="BuiltIn">
<arg>${total_items_travelBAG}</arg>
<arg>1</arg>
<doc>Fails if objects are unequal after converting them to real numbers.</doc>
<status status="PASS" start="2024-02-05T14:54:30.761415" elapsed="0.001001"/>
</kw>
<kw name="Get Text" owner="PuppeteerLibrary">
<msg time="2024-02-05T14:54:30.783355" level="INFO">${total_items_Apple} = 1</msg>
<var>${total_items_Apple}</var>
<arg>xpath://body/div[@id='root']/section[1]/main[1]/div[1]/div[1]/section[1]/div[1]/div[1]/div[1]/div[1]/div[1]/div[1]/div[1]/div[3]/div[1]/div[1]/div[2]/div[1]/h5[1]</arg>
<doc>Returns text value of element identified by ``locator``.</doc>
<status status="PASS" start="2024-02-05T14:54:30.763416" elapsed="0.019939"/>
</kw>
<kw name="Should Be Equal As Numbers" owner="BuiltIn">
<arg>${total_items_Apple}</arg>
<arg>1</arg>
<doc>Fails if objects are unequal after converting them to real numbers.</doc>
<status status="PASS" start="2024-02-05T14:54:30.783355" elapsed="0.001005"/>
</kw>
<status status="PASS" start="2024-02-05T14:54:23.275018" elapsed="7.510335"/>
</test>
<status status="PASS" start="2024-02-05T14:54:22.910104" elapsed="7.876248"/>
</suite>
<statistics>
<total>
<stat pass="1" fail="0" skip="0">All Tests</stat>
</total>
<tag>
</tag>
<suite>
<stat pass="1" fail="0" skip="0" id="s1" name="Automation">Automation</stat>
</suite>
</statistics>
<errors>
</errors>
</robot>
