<?xml version="1.0" encoding="UTF-8"?>
<robot generator="Robot 7.0 (Python 3.12.1 on win32)" generated="2024-02-04T01:09:30.240717" rpa="false" schemaversion="5">
<suite id="s1" name="Suites">
<suite id="s1-s1" name="15 MouseOperations" source="C:\information\SDET-QA\Automation\TestCases\15_MouseOperations.robot">
<test id="s1-s1-t1" name="Testing | MouseActions =&gt; Right click / open context menu | Double click action | Drag and Drop" line="12">
<kw name="Open Browser" owner="SeleniumLibrary">
<msg time="2024-02-04T01:09:30.406792" level="INFO">Opening browser 'chrome' to base url 'https://swisnl.github.io/jQuery-contextMenu/demo.html'.</msg>
<arg>${url}</arg>
<arg>${browser}</arg>
<arg>options=add_experimental_option("detach", True)</arg>
<doc>Opens a new browser instance to the optional ``url``.</doc>
<status status="PASS" start="2024-02-04T01:09:30.406792" elapsed="2.815869"/>
</kw>
<kw name="Maximize Browser Window" owner="SeleniumLibrary">
<doc>Maximizes current browser window.</doc>
<status status="PASS" start="2024-02-04T01:09:33.222661" elapsed="0.110384"/>
</kw>
<kw name="Open Context Menu" owner="SeleniumLibrary">
<arg>//span[contains(text(),'right click me')]</arg>
<doc>Opens the context menu on the element identified by ``locator``.</doc>
<status status="PASS" start="2024-02-04T01:09:33.333045" elapsed="0.287601"/>
</kw>
<kw name="Sleep" owner="BuiltIn">
<msg time="2024-02-04T01:09:36.621280" level="INFO">Slept 3 seconds.</msg>
<arg>3</arg>
<doc>Pauses the test executed for the given time.</doc>
<status status="PASS" start="2024-02-04T01:09:33.620646" elapsed="3.000634"/>
</kw>
<kw name="Go To" owner="SeleniumLibrary">
<msg time="2024-02-04T01:09:36.622269" level="INFO">Opening url 'https://testautomationpractice.blogspot.com/'</msg>
<arg>${url2}</arg>
<doc>Navigates the current browser window to the provided ``url``.</doc>
<status status="PASS" start="2024-02-04T01:09:36.622269" elapsed="5.044334"/>
</kw>
<kw name="Double Click Element" owner="SeleniumLibrary">
<msg time="2024-02-04T01:09:41.666603" level="INFO">Double clicking element '//button[contains(text(),'Copy Text')]'.</msg>
<arg>//button[contains(text(),'Copy Text')]</arg>
<doc>Double clicks the element identified by ``locator``.</doc>
<status status="PASS" start="2024-02-04T01:09:41.666603" elapsed="0.293885"/>
</kw>
<kw name="Sleep" owner="BuiltIn">
<msg time="2024-02-04T01:09:44.962073" level="INFO">Slept 3 seconds.</msg>
<arg>3</arg>
<doc>Pauses the test executed for the given time.</doc>
<status status="PASS" start="2024-02-04T01:09:41.961484" elapsed="3.000589"/>
</kw>
<kw name="Go To" owner="SeleniumLibrary">
<msg time="2024-02-04T01:09:44.962073" level="INFO">Opening url 'https://www.dhtmlgoodies.com/scripts/drag-drop-custom/demo-drag-drop-3.html'</msg>
<arg>${url3}</arg>
<doc>Navigates the current browser window to the provided ``url``.</doc>
<status status="PASS" start="2024-02-04T01:09:44.962073" elapsed="0.990659"/>
</kw>
<kw name="Drag And Drop" owner="SeleniumLibrary">
<msg time="2024-02-04T01:09:46.056239" level="INFO" html="true">&lt;/td&gt;&lt;/tr&gt;&lt;tr&gt;&lt;td colspan="3"&gt;&lt;a href="selenium-screenshot-1.png"&gt;&lt;img src="selenium-screenshot-1.png" width="800px"&gt;&lt;/a&gt;</msg>
<msg time="2024-02-04T01:09:46.056939" level="FAIL">Element with locator 'id:box6' not found.</msg>
<arg>id:box6</arg>
<arg>id:box106</arg>
<doc>Drags the element identified by ``locator`` into the ``target`` element.</doc>
<status status="FAIL" start="2024-02-04T01:09:45.953578" elapsed="0.115209">Element with locator 'id:box6' not found.</status>
</kw>
<kw name="Sleep" owner="BuiltIn">
<arg>3</arg>
<doc>Pauses the test executed for the given time.</doc>
<status status="NOT RUN" start="2024-02-04T01:09:46.068787" elapsed="0.000000"/>
</kw>
<kw name="Close Browser" owner="SeleniumLibrary">
<doc>Closes the current browser.</doc>
<status status="NOT RUN" start="2024-02-04T01:09:46.068787" elapsed="0.000000"/>
</kw>
<status status="FAIL" start="2024-02-04T01:09:30.405795" elapsed="15.663988">Element with locator 'id:box6' not found.</status>
</test>
<status status="FAIL" start="2024-02-04T01:09:30.261701" elapsed="15.808377"/>
</suite>
<status status="FAIL" start="2024-02-04T01:09:30.249599" elapsed="15.820479"/>
</suite>
<statistics>
<total>
<stat pass="0" fail="1" skip="0">All Tests</stat>
</total>
<tag>
</tag>
<suite>
<stat pass="0" fail="1" skip="0" id="s1" name="Suites">Suites</stat>
<stat pass="0" fail="1" skip="0" id="s1-s1" name="15 MouseOperations">Suites.15 MouseOperations</stat>
</suite>
</statistics>
<errors>
</errors>
</robot>
