<?xml version="1.0" encoding="UTF-8"?>
<robot generator="Robot 7.0 (Python 3.12.1 on win32)" generated="2024-02-04T01:08:58.263560" rpa="false" schemaversion="5">
<suite id="s1" name="Suites">
<suite id="s1-s1" name="1 Logintest" source="C:\information\SDET-QA\Automation\TestCases\1_Logintest.robot">
<test id="s1-s1-t1" name="LoginTest" line="9">
<kw name="Open Browser" owner="SeleniumLibrary">
<msg time="2024-02-04T01:08:58.435116" level="INFO">Opening browser 'chrome' to base url 'https://demo.nopcommerce.com/'.</msg>
<arg>${url}</arg>
<arg>${browser}</arg>
<arg>options=add_experimental_option("detach", True)</arg>
<doc>Opens a new browser instance to the optional ``url``.</doc>
<status status="PASS" start="2024-02-04T01:08:58.434124" elapsed="3.132761"/>
</kw>
<kw name="Maximize Browser Window" owner="SeleniumLibrary">
<doc>Maximizes current browser window.</doc>
<status status="PASS" start="2024-02-04T01:09:01.566885" elapsed="0.137853"/>
</kw>
<kw name="loginToApplication">
<kw name="Click Link" owner="SeleniumLibrary">
<msg time="2024-02-04T01:09:01.708087" level="INFO">Clicking link '//a[contains(text(),'Log in')]'.</msg>
<arg>//a[contains(text(),'Log in')]</arg>
<doc>Clicks a link identified by ``locator``.</doc>
<status status="PASS" start="2024-02-04T01:09:01.707103" elapsed="1.027682"/>
</kw>
<kw name="Input Text" owner="SeleniumLibrary">
<msg time="2024-02-04T01:09:02.734785" level="INFO">Typing text 'nunnararut@gmail.com' into text field '//input[@id='Email']'.</msg>
<arg>//input[@id='Email']</arg>
<arg>nunnararut@gmail.com</arg>
<doc>Types the given ``text`` into the text field identified by ``locator``.</doc>
<status status="PASS" start="2024-02-04T01:09:02.734785" elapsed="0.077750"/>
</kw>
<kw name="Input Text" owner="SeleniumLibrary">
<msg time="2024-02-04T01:09:02.812535" level="INFO">Typing text 'Test@123' into text field '//input[@id='Password']'.</msg>
<arg>//input[@id='Password']</arg>
<arg>Test@123</arg>
<doc>Types the given ``text`` into the text field identified by ``locator``.</doc>
<status status="PASS" start="2024-02-04T01:09:02.812535" elapsed="0.053036"/>
</kw>
<kw name="Click Element" owner="SeleniumLibrary">
<msg time="2024-02-04T01:09:02.865571" level="INFO">Clicking element '//button[contains(text(),'Log in')]'.</msg>
<arg>//button[contains(text(),'Log in')]</arg>
<doc>Click the element identified by ``locator``.</doc>
<status status="PASS" start="2024-02-04T01:09:02.865571" elapsed="0.325172"/>
</kw>
<status status="PASS" start="2024-02-04T01:09:01.706342" elapsed="1.484401"/>
</kw>
<kw name="Close Browser" owner="SeleniumLibrary">
<doc>Closes the current browser.</doc>
<status status="PASS" start="2024-02-04T01:09:03.190743" elapsed="2.096729"/>
</kw>
<status status="PASS" start="2024-02-04T01:08:58.434124" elapsed="6.853348"/>
</test>
<status status="PASS" start="2024-02-04T01:08:58.287246" elapsed="7.000226"/>
</suite>
<status status="PASS" start="2024-02-04T01:08:58.274541" elapsed="7.014940"/>
</suite>
<statistics>
<total>
<stat pass="1" fail="0" skip="0">All Tests</stat>
</total>
<tag>
</tag>
<suite>
<stat pass="1" fail="0" skip="0" id="s1" name="Suites">Suites</stat>
<stat pass="1" fail="0" skip="0" id="s1-s1" name="1 Logintest">Suites.1 Logintest</stat>
</suite>
</statistics>
<errors>
</errors>
</robot>
